# >> TraceSamples_fromPartTime0toPartTime7.pl <<
# >> Running at date: 13:37:38, Thu Jan 4, 2024
# >> Running directory: /home/apascual/Nextcloud/Research/Projects/FunctionalGroups/Repositories/ReplayEcology/src
# >> Zürich, ETH, A.P-G.
# >> Input file: ../7.1_classes/metadata_Time0D-7D-4M_May2022_wJSDpart-split.csv
# >> This output file: 
Rep1.Par1	Rep1.Par2	Rep2.Par1	Rep2.Par2	Rep3.Par1	Rep3.Par2	Rep4.Par1	Rep4.Par2
WP09	0.3	1.1	2.1	3.1	4.1
BB02	0.3	1.2	2.2	3.2	4.2
WiW53	0.3	1.1	2.1	3.1	4.1
WYT58	0.4	1.1	2.1	3.1	4.1
SAC14	0.3	1.2	2.2	3.2	4.2
LW08	0.1	1.1	2.1	3.1	4.1
WiW34	0.4	1.1	2.1	3.1	4.1
AE23	0.4	1.1	2.1	3.1	4.1
PH11	0.3	1.2	2.2	3.2	4.2
BB03	0.3	1.1	2.1	3.1	4.1
WiW38	0.1	1.1	2.1	3.1	4.1
WiW01	0.1	1.1	2.1	3.1	4.1
PH08	0.5	1.2	2.2	3.2	4.2
AE26	0.3	1.1	2.1	3.1	4.1
OWW15	0.4	1.1	2.1	3.1	4.1
OWW07	0.4	1.1	2.1	3.1	4.1
WiW36	0.1	1.1	2.1	3.1	4.1
PH07	0.3	1.2	2.2	3.2	4.2
WYD06	0.4	1.1	2.1	3.1	4.1
WYT39	0.1	1.1	2.1	3.1	4.1
OWW05	0.1	1.1	2.1	3.1	4.1
WiW52	0.4	1.1	2.1	3.1	4.1
WYT42	0.4	1.1	2.1	3.1	4.1
WYT10	0.1	1.1	2.1	3.1	4.1
WYT36	0.1	1.1	2.1	3.1	4.1
PH22	0.3	1.2	2.2	3.2	4.2
WP01	0.2	1.1	2.1	3.1	4.1
WYT40	0.1	1.1	2.1	3.1	4.1
WYT59	0.4	1.1	2.1	3.1	4.1
WiW10	0.1	1.1	2.1	3.1	4.1
WiW55	0.4	1.1	2.1	3.1	4.1
WP03	0.1	1.1	2.1	3.1	4.1
WYT57	0.4	1.1	2.1	3.1	4.1
WiW06	0.4	1.1	2.1	3.1	4.1
WYT26	0.4	1.1	2.1	3.1	4.1
BB01	0.4	1.1	2.1	3.1	4.1
WYT53	0.4	1.1	2.1	3.1	4.1
WYM29	0.4	1.1	2.1	3.1	4.1
WYT60	0.1	1.1	2.1	3.1	4.1
BWd05	0.1	1.1	2.1	3.1	4.1
WYT03	0.1	1.1	2.1	3.1	4.1
LW09	0.4	1.1	2.1	3.1	4.1
PH17	0.3	1.2	2.2	3.2	4.2
WEL22	0.2	1.2	2.2	3.2	4.2
WYT24	0.4	1.1	2.1	3.1	4.1
PH01	0.1	1.2	2.2	3.2	4.2
PH04	0.2	1.2	2.2	3.2	4.2
AE101	0.3	1.1	2.1	3.1	4.1
WYT09	0.4	1.1	2.1	3.1	4.1
WP02	0.1	1.1	2.1	3.1	4.1
BWd01	0.1	1.1	2.1	3.1	4.1
WYT37	0.1	1.1	2.1	3.1	4.1
WYT01	0.1	1.1	2.1	3.1	4.1
SAC10	0.5	1.2	2.2	3.2	4.2
LW07	0.1	1.1	2.1	3.1	4.1
PH19	0.2	1.2	2.2	3.2	4.2
PH10	0.3	1.2	2.2	3.2	4.2
WYT22	0.1	1.1	2.1	3.1	4.1
WYT46	0.4	1.1	2.1	3.1	4.1
AE27	0.3	1.1	2.1	3.1	4.1
WYT33	0.1	1.1	2.1	3.1	4.1
WEL02	0.2	1.2	2.2	3.2	4.2
WYT52	0.1	1.1	2.1	3.1	4.1
PH20	0.3	1.2	2.2	3.2	4.2
WYT16	0.1	1.1	2.1	3.1	4.1
OWW14	0.1	1.1	2.1	3.1	4.1
WEL04	0.3	1.2	2.2	3.2	4.2
OWW04	0.4	1.1	2.1	3.1	4.1
PH18	0.5	1.2	2.2	3.2	4.2
LW03	0.1	1.1	2.1	3.1	4.1
WiW56	0.1	1.1	2.1	3.1	4.1
BB11	0.1	1.1	2.1	3.1	4.1
WiW49	0.4	1.1	2.1	3.1	4.1
WP11	0.1	1.1	2.1	3.1	4.1
SAC11	0.3	1.2	2.2	3.2	4.2
PH14	0.3	1.2	2.2	3.2	4.2
WYT50	0.1	1.1	2.1	3.1	4.1
AE155	0.5	1.1	2.1	3.1	4.1
WYT06	0.1	1.1	2.1	3.1	4.1
AE22	0.3	1.1	2.1	3.1	4.1
WiW57	0.4	1.1	2.1	3.1	4.1
AE103	0.4	1.1	2.1	3.1	4.1
WiW08	0.4	1.1	2.1	3.1	4.1
WYT56	0.1	1.1	2.1	3.1	4.1
PH12	0.3	1.2	2.2	3.2	4.2
PH09	0.3	1.2	2.2	3.2	4.2
WYC15	0.3	1.1	2.1	3.1	4.1
WYM21	0.1	1.1	2.1	3.1	4.1
BB13	0.3	1.1	2.1	3.1	4.1
LW04	0.1	1.1	2.1	3.1	4.1
WYT19	0.1	1.1	2.1	3.1	4.1
WiW05	0.1	1.1	2.1	3.1	4.1
BWd07	0.4	1.1	2.1	3.1	4.1
WYT21	0.1	1.1	2.1	3.1	4.1
WiW37	0.1	1.1	2.1	3.1	4.1
WEL08	0.2	1.2	2.2	3.2	4.2
WEL01	0.3	1.2	2.2	3.2	4.2
OWW02	0.4	1.1	2.1	3.1	4.1
WYT48	0.4	1.1	2.1	3.1	4.1
WYT27	0.4	1.1	2.1	3.1	4.1
WYT02	0.1	1.1	2.1	3.1	4.1
WYT08	0.4	1.1	2.1	3.1	4.1
WYT17	0.4	1.1	2.1	3.1	4.1
WP10	0.1	1.1	2.1	3.1	4.1
WYC41	0.3	1.1	2.1	3.1	4.1
WF06	0.4	1.1	2.1	3.1	4.1
WEL05	0.3	1.2	2.2	3.2	4.2
BB17	0.1	1.1	2.1	3.1	4.1
LW11	0.1	1.1	2.1	3.1	4.1
WYT43	0.1	1.1	2.1	3.1	4.1
WiW54	0.5	1.1	2.1	3.1	4.1
WYM33	0.3	1.1	2.1	3.1	4.1
WiW33	0.1	1.1	2.1	3.1	4.1
WYM02	0.1	1.1	2.1	3.1	4.1
WYT34	0.1	1.1	2.1	3.1	4.1
PH06	0.1	1.2	2.2	3.2	4.2
WiW28	0.4	1.1	2.1	3.1	4.1
WiW51	0.1	1.1	2.1	3.1	4.1
WYT45	0.1	1.1	2.1	3.1	4.1
WYT54	0.1	1.1	2.1	3.1	4.1
WYM39	0.4	1.1	2.1	3.1	4.1
BWd03	0.4	1.1	2.1	3.1	4.1
WiW40	0.1	1.1	2.1	3.1	4.1
BB35	0.4	1.1	2.1	3.1	4.1
OWW12	0.4	1.1	2.1	3.1	4.1
BB09	0.4	1.1	2.1	3.1	4.1
SAC15	0.3	1.2	2.2	3.2	4.2
PH02	0.1	1.2	2.2	3.2	4.2
OWW06	0.4	1.1	2.1	3.1	4.1
WYT44	0.1	1.1	2.1	3.1	4.1
OWW13	0.3	1.1	2.1	3.1	4.1
BB66	0.2	1.1	2.1	3.1	4.1
WiW13	0.1	1.1	2.1	3.1	4.1
WF02	0.4	1.1	2.1	3.1	4.1
PH15	0.3	1.2	2.2	3.2	4.2
WYT13	0.4	1.1	2.1	3.1	4.1
WYT61	0.4	1.1	2.1	3.1	4.1
BB19	0.3	1.1	2.1	3.1	4.1
BB22	0.3	1.1	2.1	3.1	4.1
WF05	0.4	1.1	2.1	3.1	4.1
BB15	0.3	1.1	2.1	3.1	4.1
WYT04	0.1	1.1	2.1	3.1	4.1
WYM25	0.3	1.1	2.1	3.1	4.1
WYT41	0.1	1.1	2.1	3.1	4.1
WEL09	0.3	1.2	2.2	3.2	4.2
WYT14	0.4	1.1	2.1	3.1	4.1
BB52	0.4	1.2	2.2	3.2	4.2
WYT25	0.1	1.1	2.1	3.1	4.1
OWW16	0.4	1.1	2.1	3.1	4.1
WYT55	0.4	1.1	2.1	3.1	4.1
PH24	0.2	1.2	2.2	3.2	4.2
WEL17	0.3	1.2	2.2	3.2	4.2
WEL20	0.3	1.2	2.2	3.2	4.2
WYT94	0.4	1.1	2.1	3.1	4.1
OWW01	0.4	1.1	2.1	3.1	4.1
WP05	0.1	1.1	2.1	3.1	4.1
WEL06	0.3	1.2	2.2	3.2	4.2
WYD09	0.3	1.1	2.1	3.1	4.1
WYT23	0.1	1.1	2.1	3.1	4.1
BB12	0.1	1.1	2.1	3.1	4.1
WYT07	0.4	1.1	2.1	3.1	4.1
WEL24	0.3	1.2	2.2	3.2	4.2
WiW11	0.1	1.1	2.1	3.1	4.1
BB25	0.4	1.1	2.1	3.1	4.1
WYT29	0.4	1.1	2.1	3.1	4.1
WP04	0.1	1.1	2.1	3.1	4.1
WYT38	0.1	1.1	2.1	3.1	4.1
LW05	0.4	1.1	2.1	3.1	4.1
PH03	0.4	1.2	2.2	3.2	4.2
WYT05	0.1	1.1	2.1	3.1	4.1
LW06	0.1	1.1	2.1	3.1	4.1
WYT47	0.4	1.1	2.1	3.1	4.1
BB26	0.1	1.2	2.2	3.2	4.2
WYT28	0.1	1.1	2.1	3.1	4.1
PH21	0.3	1.2	2.2	3.2	4.2
WiW02	0.4	1.1	2.1	3.1	4.1
OWW09	0.4	1.1	2.1	3.1	4.1
SAC12	0.2	1.2	2.2	3.2	4.2
LW01	0.1	1.1	2.1	3.1	4.1
AE95	0.3	1.1	2.1	3.1	4.1
WiW03	0.4	1.1	2.1	3.1	4.1
WP06	0.4	1.1	2.1	3.1	4.1
WYT63	0.3	1.1	2.1	3.1	4.1
AE05	0.3	1.1	2.1	3.1	4.1
WYT15	0.1	1.1	2.1	3.1	4.1
LW12	0.1	1.1	2.1	3.1	4.1
WF04	0.1	1.1	2.1	3.1	4.1
WEL23	0.2	1.2	2.2	3.2	4.2
WEL18	0.2	1.2	2.2	3.2	4.2
WiW31	0.1	1.1	2.1	3.1	4.1
PH05	0.1	1.2	2.2	3.2	4.2
WYT20	0.1	1.1	2.1	3.1	4.1
WYT51	0.4	1.1	2.1	3.1	4.1
WYT87	0.3	1.1	2.1	3.1	4.1
OWW08	0.4	1.1	2.1	3.1	4.1
WYM27	0.4	1.1	2.1	3.1	4.1
WF01	0.1	1.1	2.1	3.1	4.1
WiW04	0.1	1.1	2.1	3.1	4.1
WEL07	0.3	1.2	2.2	3.2	4.2
SAC16	0.2	1.2	2.2	3.2	4.2
AE172	0.1	1.1	2.1	3.1	4.1
PH13	0.3	1.2	2.2	3.2	4.2
BWd04	0.4	1.1	2.1	3.1	4.1
BB07	0.3	1.1	2.1	3.1	4.1
LW10	0.4	1.1	2.1	3.1	4.1
WYT116	0.3	1.1	2.1	3.1	4.1
SAC13	0.2	1.2	2.2	3.2	4.2
WiW50	0.4	1.1	2.1	3.1	4.1
WYT49	0.1	1.1	2.1	3.1	4.1
WiW26	0.3	1.1	2.1	3.1	4.1
WiW07	0.5	1.1	2.1	3.1	4.1
