AE116.1
AE116.2
AE116.3
AE116.4
AE121.1
AE121.2
AE121.4
AE23.1
AE23.2
AE23.3
AE23.4
AE23
AE50.1
AE50.2
AE50.3
AE50.4
AE107.1
AE107.2
AE107.3
AE107.4
AE100.1
AE100.2
AE100.3
AE100.4
A9.Riz1.BB66.1.Com
A12.Mix.BB66.1.Bag
B9.Riz1.BB66.2.Com
B12.Mix.BB66.2.Bag
C9.Nov2.BB66.1.Com
D9.Nov2.BB66.2.Com
E9.IsoMix.BB66.1.Com
F9.NIsoMix.BB66.2.Com
G9.CTRL.BB66.1.Com
H9.CTRL.BB66.2.Com
BB66.1
BB66.2
BB66.3
BB66.4
BB66
BB88.1
BB88.2
BB88.3
BB88.4
BB88
BB58.1
BB58.2
BB58.3
BB58.4
BB27.1
BB27.2
BB27.3
BB27.4
BB96.1
BB96.2
BB96.3
BB96.4
BB40.1
BB40.2
BB40.3
BB40.4
BB40
CHE06.1
CHE06.2
CHE06.3
CHE06.4
CHE07.1
CHE07.2
CHE07.3
CHE07.4
CHE01.1
CHE01.2
CHE01.3
CHE01.4
CHE03.1
CHE03.2
CHE03.3
CHE03.4
CHE10.1
CHE10.2
CHE10.3
CHE10.4
CHE12.1
CHE12.2
CHE12.3
CHE12.4
RDM01.1
RDM01.2
RDM01.3
RDM01.4
RDM01
SP05.1
SP05.2
SP05.3
SP05.4
SP08.1
SP08.2
SP08.3
SP08.4
SP09.1
SP09.2
SP09.3
SP09.4
A5.Riz1.SP04.1.Com
B5.Riz1.SP04.2.Com
C5.Nov2.SP04.1.Com
D5.Nov2.SP04.2.Com
E5.IsoMix.SP04.1.Com
F5.IsoMix.SP04.2.Com
G5.CTRL.SP04.1.Com
H5.CTRL.SP04.2.Com
A11.Mix.SP04.1.Bag
B11.Mix.SP04.2.Bag
SP04.1
SP04.2
SP04.3
SP04.4
A4.Riz1.SP03.1.Com
B4.Riz1.SP03.2.Com
C4.Nov2.SP03.1.Com
D4.Nov2.SP03.2.Com
E4.IsoMix.SP03.1.Com
F4.IsoMix.SP03.2.Com
G4.CTRL.SP03.1.Com
H4.CTRL.SP03.2.Com
G10.Mix.SP03.1.Bag
H10.Mix.SP03.2.Bag
SP03.1
SP03.2
SP03.3
SP03.4
WYT11.1
WYT11.2
WYT11.3
WYT116.1
WYT116.2
WYT116.3
WYT116.4
WYT110
WYT111
WYT114
WYT116
WYM22.1
WYM22.2
WYM22.3
WYM22.4
WYC14
WYM39.1
WYM39.2
WYM39.3
WYM39.4
WYM39
A8.Riz1.WYM25.1.Com
B8.Riz1.WYM25.2.Com
C8.Nov2.WYM25.1.Com
D8.Nov2.WYM25.2.Com
E8.IsoMix.WYM25.1.Com
F8.IsoMix.WYM25.2.Com
G8.CTRL.WYM25.1.Com
H8.CTRL.WYM25.2.Com
G11.Mix.WYM25.1.Bag
H11.Mix.WYM25.2.Bag
WYM25.1
WYM25.2
WYM25.3
WYM25.4
WYM25
A7.Riz1.WYC42.1.Com
B7.Riz1.WYC42.2.Com
C7.Nov2.WYC42.1.Com
D7.Nov2.WYC42.2.Com
E7.IsoMix.WYC42.1.Com
F7.IsoMix.WYC42.2.Com
G7.CTRL.WYC42.1.Com
H7.CTRL.WYC42.2.Com
E11.Mix.WYC42.1.Bag
F11.Mix.WYC42.2.Bag
WYC42.1
WYC42.2
WYC42.3
WYC42.4
WYC42
WYC15.1
WYC15.2
WYC15.3
WYC15.4
WYC15
SP06.1
SP06.2
SP06.3
SP06.4
CHE13.1
CHE13.2
CHE13.3
CHE13.4
AE126.1
AE126.2
AE126.3
AE126.4
AE126
AE98.1
AE98.2
AE98.3
AE98.4
WYM21.1
WYM21.2
WYM21.3
WYM21.4
WYM21
A3.Riz1.SP02.1.Com
B3.Riz1.SP02.2.Com
C3.Nov2.SP02.1.Com
D3.Nov2.SP02.2.Com
E3.IsoMix.SP02.1.Com
F3.IsoMix.SP02.2.Com
G3.CTRL.SP02.1.Com
H3.CTRL.SP02.2.Com
E10.Mix.SP02.1.Bag
F10.Mix.SP02.2.Bag
SP02.1
SP02.2
SP02.3
SP02.4
BB42.1
BB42.2
BB42.3
BB42.4
BB19.1
BB19.2
BB19.3
BB19.4
BB19
BB35.1
BB35.2
BB35.3
BB35.4
BB35
BB52.1
BB52.2
BB52.3
BB52.4
BB52
A2.Riz1.BB22.1.Com
B2.Riz1.BB22.2.Com
C2.Nov2.BB22.1.Com
D2.Nov2.BB22.2.Com
E2.IsoMix.BB22.1.Com
F2.IsoMix.BB22.2.Com
G2.CTRL.BB22.1.Com
H2.CTRL.BB22.2.Com
C10.Mix.BB22.1.Bag
D10.Mix.BB22.2.Bag
D12.BB22.01.Iso
BB22.1
BB22.2
BB22.3
BB22.4
BB22
WYT95.1
WYT95.2
WYT95.3
WYT12.1
WYT12.2
WYT12.3
WYT12.4
BB01.1
BB01.2
BB01.3
BB01.4
BB01
BB61.1
BB61.2
BB61.3
BB61.4
BB61
WYT98.1
WYT98.2
WYT98.3
WYT98.4
WYM02.1
WYM02.2
WYM02.3
WYM02.4
WYM02
WYD09.1
WYD09.2
WYD09.3
WYD09.4
WYD09
WYT18.1
WYT18.2
