BWd01.1
BWd01.2
BWd01.3
BWd01.4
BWd01
BWd02.1
BWd02.2
BWd02.3
BWd02.4
BWd02
BWd03.1
BWd03.2
BWd03.3
BWd03.4
BWd03
BWd04.1
BWd04.2
BWd04.3
BWd04.4
BWd04
WP03.1
WP03.2
WP03.3
WP03.4
WP03
WP05.1
WP05.2
WP05.3
WP05.4
WP05
WP06.1
WP06.2
WP06.3
WP06.4
WP06
WP07.1
WP07.2
WP07.3
WP07.4
WiW14.1
WiW14.2
WiW14.3
WiW14.4
WiW14
WiW20.1
WiW20.2
WiW20.3
WiW20.4
WiW20
WiW30.1
WiW30.2
WiW30.3
WiW30.4
WiW30
WiW38.1
WiW38.2
WiW38.3
WiW38.4
WiW38
SAC02.1
SAC02.2
SAC02.3
SAC02.4
SAC02
SAC04.1
SAC04.2
SAC04.3
SAC04.4
SAC04
SAC06.1
SAC06.2
SAC06.3
SAC06.4
SAC06
SAC07.1
SAC07.2
SAC07.3
SAC07.4
SAC07
BB73
BB77
BB78
HW01
HW03
HW05
HW10
BW04
BW05
BW10
BW12
BCW01
BCW06
BCW10
BCW20
BWd05.1
BWd05.2
BWd05.3
BWd05.4
BWd05
BWd07.1
BWd07.2
BWd07.3
BWd07.4
BWd07
CHE01.1
CHE01.2
CHE01.3
CHE01.4
CHE03.1
CHE03.2
CHE03.3
CHE03.4
WP12.1
WP12.2
WP12.3
WP12.4
WP12
WP16.1
WP16.2
WP16.3
WP16.4
WP16
AE50.1
AE50.2
AE50.3
AE50.4
AE98.1
AE98.2
AE98.3
AE98.4
WiW54.1
WiW54.2
WiW54.3
WiW54.4
WiW54
WiW56.1
WiW56.2
WiW56.3
WiW56.4
WiW56
AE100.1
AE100.2
AE100.3
AE100.4
A1.Riz1.AE103.1.Com
B1.Riz1.AE103.2.Com
C1.Nov2.AE103.1.Com
D1.Nov2.AE103.2.Com
E1.IsoMix.AE103.1.Com
F1.IsoMix.AE103.2.Com
G1.CTRL.AE103.1.Com
H1.CTRL.AE103.2.Com
A10.Mix.AE103.1.Bag
B10.Mix.AE103.2.Bag
C12.AE103.02.Iso
AE103.1
AE103.2
AE103.3
AE103.4
AE103
SAC13.1
SAC13.2
SAC13.3
SAC13.4
SAC13
SAC15.1
SAC15.2
SAC15.3
SAC15.4
SAC15
WEL02.1
WEL02.2
WEL02.3
WEL02.4
WEL02
WEL05.1
WEL05.2
WEL05.3
WEL05.4
WEL05
BB89
PH02.1
PH02.2
PH02.3
PH02.4
PH02
PH03.1
PH03.2
PH03.3
PH03.4
PH03
HW12
BW08
LW02.1
LW02.2
LW02.3
LW02.4
LW05.1
LW05.2
LW05.3
LW05.4
LW05
BW14
HW13
WF01.1
WF01.2
WF01.3
WF01.4
WF01
WF02.1
WF02.2
WF02.3
WF02.4
WF02
BCW21
OWW03.1
OWW03.2
OWW03.3
OWW03
OWW04.1
OWW04.2
OWW04.3
OWW04.4
OWW04
CHE06.1
CHE06.2
CHE06.3
CHE06.4
BB40.1
BB40.2
BB40.3
BB40.4
BB40
BB88.1
BB88.2
BB88.3
BB88.4
BB88
SP07.1
SP07.2
SP07.3
SP07.4
CHE07.1
CHE07.2
CHE07.3
CHE07.4
CHE10.1
CHE10.2
CHE10.3
CHE10.4
CHE12.1
CHE12.2
CHE12.3
CHE12.4
CHE13.1
CHE13.2
CHE13.3
CHE13.4
AE116.1
AE116.2
AE116.3
AE116.4
AE107.1
AE107.2
AE107.3
AE107.4
AE126.1
AE126.2
AE126.3
AE126.4
AE126
AE23.1
AE23.2
AE23.3
AE23.4
AE23
WEL17.1
WEL17.2
WEL17.3
WEL17.4
WEL17
WEL18.1
WEL18.2
WEL18.3
WEL18.4
WEL18
WEL23.1
WEL23.2
WEL23.3
WEL23.4
WEL23
WEL26.1
WEL26.2
WEL26.3
WEL26.4
WEL26
PH05.1
PH05.2
PH05.3
PH05.4
PH05
PH17.1
PH17.2
PH17.3
PH17.4
PH17
PH20.1
PH20.2
PH20.3
PH20.4
PH20
PH24.1
PH24.2
PH24.3
PH24.4
PH24
LW07.1
LW07.2
LW07.3
LW07.4
LW07
LW09.1
LW09.2
LW09.3
LW09.4
LW09
LW10.1
LW10.2
LW10.3
LW10.4
LW10
LW11.1
LW11.2
LW11.3
LW11.4
LW11
WP04.1
WP04.2
WP04.3
WP04.4
WP04
WP05.1
WP05.2
WP05.3
WP05.4
WP05
WP06.1
WP06.2
WP06.3
WP06.4
WP06
WP07.1
WP07.2
WP07.3
WP07.4
OWW05.1
OWW05.2
OWW05.3
OWW05.4
OWW05
OWW06.1
OWW06.2
OWW06.3
OWW06.4
OWW06
OWW11.1
OWW11.2
OWW11.3
OWW11.4
OWW11
OWW15.1
OWW15.2
OWW15.3
OWW15.4
OWW15
BB35.1
BB35.2
BB35.3
BB35.4
BB35
BB28.1
BB28.2
BB28.3
BB28.4
A5.Riz1.SP04.1.Com
B5.Riz1.SP04.2.Com
C5.Nov2.SP04.1.Com
D5.Nov2.SP04.2.Com
E5.IsoMix.SP04.1.Com
F5.IsoMix.SP04.2.Com
G5.CTRL.SP04.1.Com
H5.CTRL.SP04.2.Com
A11.Mix.SP04.1.Bag
B11.Mix.SP04.2.Bag
SP04.1
SP04.2
SP04.3
SP04.4
WYD06.1
WYD06.2
WYD06.3
WYD06.4
WYD06
WYT11.1
WYT11.2
WYT11.3
WYT116.1
WYT116.2
WYT116.3
WYT116.4
WYT110
WYT111
WYT114
WYT116
WYT12.1
WYT12.2
WYT12.3
WYT12.4
WYT35.1
WYT35.2
WYT35.3
WYT35.4
WYT95.1
WYT95.2
WYT95.3
WYM02.1
WYM02.2
WYM02.3
WYM02.4
WYM02
WYM21.1
WYM21.2
WYM21.3
WYM21.4
WYM21
WYM22.1
WYM22.2
WYM22.3
WYM22.4
WYM27.1
WYM27.2
WYM27.3
WYM27.4
WYM27
WYC14
WYC15.1
WYC15.2
WYC15.3
WYC15.4
WYC15
A7.Riz1.WYC42.1.Com
B7.Riz1.WYC42.2.Com
C7.Nov2.WYC42.1.Com
D7.Nov2.WYC42.2.Com
E7.IsoMix.WYC42.1.Com
F7.IsoMix.WYC42.2.Com
G7.CTRL.WYC42.1.Com
H7.CTRL.WYC42.2.Com
E11.Mix.WYC42.1.Bag
F11.Mix.WYC42.2.Bag
WYC42.1
WYC42.2
WYC42.3
WYC42.4
WYC42
WYT98.1
WYT98.2
WYT98.3
WYT98.4
SP06.1
SP06.2
SP06.3
SP06.4
SP08.1
SP08.2
SP08.3
SP08.4
SP09.1
SP09.2
SP09.3
SP09.4
WYM29.1
WYM29.2
WYM29.3
WYM29.4
WYM29
BB96.1
BB96.2
BB96.3
BB96.4
SP01.1
SP01.2
SP01.3
SP01.4
A3.Riz1.SP02.1.Com
B3.Riz1.SP02.2.Com
C3.Nov2.SP02.1.Com
D3.Nov2.SP02.2.Com
E3.IsoMix.SP02.1.Com
F3.IsoMix.SP02.2.Com
G3.CTRL.SP02.1.Com
H3.CTRL.SP02.2.Com
E10.Mix.SP02.1.Bag
F10.Mix.SP02.2.Bag
SP02.1
SP02.2
SP02.3
SP02.4
A4.Riz1.SP03.1.Com
B4.Riz1.SP03.2.Com
C4.Nov2.SP03.1.Com
D4.Nov2.SP03.2.Com
E4.IsoMix.SP03.1.Com
F4.IsoMix.SP03.2.Com
G4.CTRL.SP03.1.Com
H4.CTRL.SP03.2.Com
G10.Mix.SP03.1.Bag
H10.Mix.SP03.2.Bag
SP03.1
SP03.2
SP03.3
SP03.4
BB42.1
BB42.2
BB42.3
BB42.4
BB52.1
BB52.2
BB52.3
BB52.4
BB52
BB58.1
BB58.2
BB58.3
BB58.4
BB61.1
BB61.2
BB61.3
BB61.4
BB61
BB01.1
BB01.2
BB01.3
BB01.4
BB01
BB29.1
BB29.2
BB29.3
BB29.4
BB29
A2.Riz1.BB22.1.Com
B2.Riz1.BB22.2.Com
C2.Nov2.BB22.1.Com
D2.Nov2.BB22.2.Com
E2.IsoMix.BB22.1.Com
F2.IsoMix.BB22.2.Com
G2.CTRL.BB22.1.Com
H2.CTRL.BB22.2.Com
C10.Mix.BB22.1.Bag
D10.Mix.BB22.2.Bag
D12.BB22.01.Iso
BB22.1
BB22.2
BB22.3
BB22.4
BB22
BB27.1
BB27.2
BB27.3
BB27.4
