BCW10
BCW21
BCW06
BCW20
BCW01
BW04
BW05
BW10
BW23
BW12
BW14
BWd07.1
BWd07.2
BWd07.3
BWd07.4
BWd07
BWd02.1
BWd02.2
BWd02.3
BWd02.4
BWd02
BWd05.1
BWd05.2
BWd05.3
BWd05.4
BWd05
BWd01.1
BWd01.2
BWd01.3
BWd01.4
BWd01
BWd04.1
BWd04.2
BWd04.3
BWd04.4
BWd04
BWd03.1
BWd03.2
BWd03.3
BWd03.4
BWd03
HW11
HW01
HW03
HW15
HW05
HW13
LW05.1
LW05.2
LW05.3
LW05.4
LW05
LW09.1
LW09.2
LW09.3
LW09.4
LW09
LW11.1
LW11.2
LW11.3
LW11.4
LW11
LW02.1
LW02.2
LW02.3
LW02.4
LW10.1
LW10.2
LW10.3
LW10.4
LW10
LW07.1
LW07.2
LW07.3
LW07.4
LW07
OWW04.1
OWW04.2
OWW04.3
OWW04.4
OWW04
OWW15.1
OWW15.2
OWW15.3
OWW15.4
OWW15
OWW03.1
OWW03.2
OWW03.3
OWW03
OWW11.1
OWW11.2
OWW11.3
OWW11.4
OWW11
OWW06.1
OWW06.2
OWW06.3
OWW06.4
OWW06
OWW05.1
OWW05.2
OWW05.3
OWW05.4
OWW05
PH20.1
PH20.2
PH20.3
PH20.4
PH20
PH02.1
PH02.2
PH02.3
PH02.4
PH02
PH17.1
PH17.2
PH17.3
PH17.4
PH17
PH24.1
PH24.2
PH24.3
PH24.4
PH24
PH05.1
PH05.2
PH05.3
PH05.4
PH05
PH03.1
PH03.2
PH03.3
PH03.4
PH03
SAC02.1
SAC02.2
SAC02.3
SAC02.4
SAC02
SAC13.1
SAC13.2
SAC13.3
SAC13.4
SAC13
SAC04.1
SAC04.2
SAC04.3
SAC04.4
SAC04
SAC15.1
SAC15.2
SAC15.3
SAC15.4
SAC15
SAC07.1
SAC07.2
SAC07.3
SAC07.4
SAC07
SAC06.1
SAC06.2
SAC06.3
SAC06.4
SAC06
WEL01.1
WEL01.2
WEL01.3
WEL01.4
WEL01
WEL05.1
WEL05.2
WEL05.3
WEL05.4
WEL05
WEL23.1
WEL23.2
WEL23.3
WEL23.4
WEL23
WEL26.1
WEL26.2
WEL26.3
WEL26.4
WEL26
WEL17.1
WEL17.2
WEL17.3
WEL17.4
WEL17
WEL18.1
WEL18.2
WEL18.3
WEL18.4
WEL18
WF05.1
WF05.2
WF05.3
WF05.4
WF05
WF06.1
WF06.2
WF06.3
WF06.4
WF06
WF07.1
WF07.2
WF07.3
WF07.4
WF07
WF04.1
WF04.2
WF04.3
WF04.4
WF04
WF02.1
WF02.2
WF02.3
WF02.4
WF02
WF01.1
WF01.2
WF01.3
WF01.4
WF01
WGP03
WGP10
WGP17
WGP18
WGP08
WGP04
WiW14.1
WiW14.2
WiW14.3
WiW14.4
WiW14
WiW30.1
WiW30.2
WiW30.3
WiW30.4
WiW30
WiW20.1
WiW20.2
WiW20.3
WiW20.4
WiW20
WiW38.1
WiW38.2
WiW38.3
WiW38.4
WiW38
WiW55.1
WiW55.2
WiW55.3
WiW55.4
WiW55
WiW57.1
WiW57.2
WiW57.3
WiW57.4
WiW57
WP05.1
WP05.2
WP05.3
WP05.4
WP05
WP06.1
WP06.2
WP06.3
WP06.4
WP06
WP12.1
WP12.2
WP12.3
WP12.4
WP12
WP16.1
WP16.2
WP16.3
WP16.4
WP16
WP03.1
WP03.2
WP03.3
WP03.4
WP03
WP07.1
WP07.2
WP07.3
WP07.4
