BWd01
BWd02
BWd03
BWd04
WP03
WP05
WP06
WiW14
WiW20
WiW30
WiW38
SAC02
SAC04
SAC06
SAC07
BB73
BB77
BB78
HW01
HW03
HW05
HW10
BW04
BW05
BW10
BW12
BCW01
BCW06
BCW10
BCW20
BWd05
BWd07
WP12
WP16
WiW54
WiW56
AE103
SAC13
SAC15
WEL02
WEL05
BB89
PH02
PH03
HW12
BW08
LW05
BW14
HW13
WF01
WF02
BCW21
OWW03
OWW04
BB40
BB88
AE126
AE23
WEL17
WEL18
WEL23
WEL26
PH05
PH17
PH20
PH24
LW07
LW09
LW10
LW11
WP04
WP05
WP06
OWW05
OWW06
OWW11
OWW15
BB35
WYD06
WYT110
WYT111
WYT114
WYT116
WYM02
WYM21
WYM27
WYC14
WYC15
WYC42
WYM29
BB52
BB61
BB01
BB29
BB22
